\BOOKMARK [0][-]{chapter*.3}{Kurzfassung}{}% 1
\BOOKMARK [0][-]{chapter*.4}{Abstract}{}% 2
\BOOKMARK [0][-]{section*.5}{Contents}{}% 3
\BOOKMARK [0][-]{chapter.1}{Introduction}{}% 4
\BOOKMARK [0][-]{chapter.2}{Methodology}{}% 5
\BOOKMARK [1][-]{section.2.1}{Literature search}{chapter.2}% 6
\BOOKMARK [2][-]{subsection.2.1.1}{Inclusion/exclusion criteria}{section.2.1}% 7
\BOOKMARK [1][-]{section.2.2}{Empirical evaluation}{chapter.2}% 8
\BOOKMARK [0][-]{chapter.3}{Background}{}% 9
\BOOKMARK [1][-]{section.3.1}{Machine Learning}{chapter.3}% 10
\BOOKMARK [2][-]{subsection.3.1.1}{Supervised Machine Learning}{section.3.1}% 11
\BOOKMARK [3][-]{section*.13}{Deep Learning}{subsection.3.1.1}% 12
\BOOKMARK [3][-]{section*.18}{Fine-Tuning}{subsection.3.1.1}% 13
\BOOKMARK [3][-]{section*.19}{Overfitting}{subsection.3.1.1}% 14
\BOOKMARK [3][-]{section*.20}{Parameter Pruning}{subsection.3.1.1}% 15
\BOOKMARK [2][-]{subsection.3.1.2}{Further ML techniques}{section.3.1}% 16
\BOOKMARK [2][-]{subsection.3.1.3}{Model Extraction Attack}{section.3.1}% 17
\BOOKMARK [1][-]{section.3.2}{Watermarking}{chapter.3}% 18
\BOOKMARK [1][-]{section.3.3}{Fingerprinting}{chapter.3}% 19
\BOOKMARK [0][-]{chapter.4}{Taxonomy of IPP for ML models}{}% 20
\BOOKMARK [1][-]{section.4.1}{Threat Model}{chapter.4}% 21
\BOOKMARK [1][-]{section.4.2}{IPP Methods}{chapter.4}% 22
\BOOKMARK [1][-]{section.4.3}{Attack Model}{chapter.4}% 23
\BOOKMARK [0][-]{chapter.5}{State of the Art: Model Watermarking, Fingerprinting and Attacks}{}% 24
\BOOKMARK [1][-]{section.5.1}{Requirements}{chapter.5}% 25
\BOOKMARK [1][-]{section.5.2}{White-box Watermarking}{chapter.5}% 26
\BOOKMARK [1][-]{section.5.3}{Black-box Watermarking}{chapter.5}% 27
\BOOKMARK [2][-]{subsection.5.3.1}{Out-of-distribution}{section.5.3}% 28
\BOOKMARK [2][-]{subsection.5.3.2}{Pattern}{section.5.3}% 29
\BOOKMARK [2][-]{subsection.5.3.3}{Noise}{section.5.3}% 30
\BOOKMARK [2][-]{subsection.5.3.4}{Perturbation}{section.5.3}% 31
\BOOKMARK [2][-]{subsection.5.3.5}{In-distribution}{section.5.3}% 32
\BOOKMARK [2][-]{subsection.5.3.6}{Trigger labelling}{section.5.3}% 33
\BOOKMARK [2][-]{subsection.5.3.7}{Countering Model Extraction}{section.5.3}% 34
\BOOKMARK [2][-]{subsection.5.3.8}{Watermarking for specific ML settings}{section.5.3}% 35
\BOOKMARK [1][-]{section.5.4}{Fingerprinting of ML Models}{chapter.5}% 36
\BOOKMARK [2][-]{subsection.5.4.1}{Fingerprinting as User-specific Watermark}{section.5.4}% 37
\BOOKMARK [2][-]{subsection.5.4.2}{Fingerprinting as Unique Model Identifier}{section.5.4}% 38
\BOOKMARK [1][-]{section.5.5}{Attacks on Watermarking Methods}{chapter.5}% 39
\BOOKMARK [2][-]{subsection.5.5.1}{Watermark Overwriting}{section.5.5}% 40
\BOOKMARK [2][-]{subsection.5.5.2}{Watermark Detection}{section.5.5}% 41
\BOOKMARK [2][-]{subsection.5.5.3}{Watermark Removal}{section.5.5}% 42
\BOOKMARK [2][-]{subsection.5.5.4}{Watermark Invalidation}{section.5.5}% 43
\BOOKMARK [1][-]{section.5.6}{Surveys and empirical studies}{chapter.5}% 44
\BOOKMARK [0][-]{chapter.6}{Defining research questions and study setting}{}% 45
\BOOKMARK [1][-]{section.6.1}{Datasets}{chapter.6}% 46
\BOOKMARK [1][-]{section.6.2}{Neural Networks}{chapter.6}% 47
\BOOKMARK [2][-]{subsection.6.2.1}{Training time}{section.6.2}% 48
\BOOKMARK [1][-]{section.6.3}{Setting hyperparameters}{chapter.6}% 49
\BOOKMARK [2][-]{subsection.6.3.1}{Setting watermark-specific hyperparameters}{section.6.3}% 50
\BOOKMARK [0][-]{chapter.7}{Empirical comparison of existing watermarking methods}{}% 51
\BOOKMARK [1][-]{section.7.1}{Implementation}{chapter.7}% 52
\BOOKMARK [2][-]{subsection.7.1.1}{Framework for watermarking methods}{section.7.1}% 53
\BOOKMARK [3][-]{section*.44}{WeaknessIntoStrength}{subsection.7.1.1}% 54
\BOOKMARK [3][-]{section*.45}{ProtectingIP}{subsection.7.1.1}% 55
\BOOKMARK [3][-]{section*.46}{PiracyResistant}{subsection.7.1.1}% 56
\BOOKMARK [3][-]{section*.47}{ExponentialWeighting}{subsection.7.1.1}% 57
\BOOKMARK [3][-]{section*.48}{FrontierStitching}{subsection.7.1.1}% 58
\BOOKMARK [3][-]{section*.49}{WMEmbeddedSystems}{subsection.7.1.1}% 59
\BOOKMARK [2][-]{subsection.7.1.2}{Attacks}{section.7.1}% 60
\BOOKMARK [3][-]{section*.52}{Parameter Pruning}{subsection.7.1.2}% 61
\BOOKMARK [3][-]{section*.53}{Fine-Tuning}{subsection.7.1.2}% 62
\BOOKMARK [1][-]{section.7.2}{Evaluation}{chapter.7}% 63
\BOOKMARK [2][-]{subsection.7.2.1}{Evaluation of Fine-Tuning}{section.7.2}% 64
\BOOKMARK [2][-]{subsection.7.2.2}{Influence of watermark-specific hyparameters}{section.7.2}% 65
\BOOKMARK [3][-]{section*.57}{FrontierStitching}{subsection.7.2.2}% 66
\BOOKMARK [3][-]{section*.62}{WMEmbeddedSystems}{subsection.7.2.2}% 67
\BOOKMARK [2][-]{subsection.7.2.3}{Comparing to State of the Art}{section.7.2}% 68
\BOOKMARK [3][-]{section*.64}{WeaknessIntoStrength}{subsection.7.2.3}% 69
\BOOKMARK [3][-]{section*.67}{ProtectingIP}{subsection.7.2.3}% 70
\BOOKMARK [3][-]{section*.70}{FrontierStitching}{subsection.7.2.3}% 71
\BOOKMARK [3][-]{section*.72}{WMEmbeddedSystems}{subsection.7.2.3}% 72
\BOOKMARK [2][-]{subsection.7.2.4}{Effectiveness}{section.7.2}% 73
\BOOKMARK [2][-]{subsection.7.2.5}{Fidelity}{section.7.2}% 74
\BOOKMARK [2][-]{subsection.7.2.6}{Robustness}{section.7.2}% 75
\BOOKMARK [3][-]{section*.77}{Parameter Pruning}{subsection.7.2.6}% 76
\BOOKMARK [3][-]{section*.81}{Fine-Tuning}{subsection.7.2.6}% 77
\BOOKMARK [0][-]{chapter.8}{Conclusions and future work}{}% 78
\BOOKMARK [0][-]{appendix.A}{Appendix}{}% 79
\BOOKMARK [1][-]{section.A.1}{Dependencies}{appendix.A}% 80
\BOOKMARK [1][-]{section.A.2}{Additional figures}{appendix.A}% 81
\BOOKMARK [2][-]{subsection.A.2.1}{Experiments for fine-tuning}{section.A.2}% 82
\BOOKMARK [0][-]{section*.89}{List of Figures}{}% 83
\BOOKMARK [0][-]{section*.90}{List of Tables}{}% 84
\BOOKMARK [0][-]{appendix*.91}{Bibliography}{}% 85
